CRITICAL - 2026-02-11 19:20:06 --> CodeIgniter\Exceptions\ConfigException: When responding to a credentialed request, the server must not specify the "*" wildcard for the Access-Control-Allow-Origin response-header value.
[Method: GET, Route: api/noticias]
in SYSTEMPATH\HTTP\Cors.php on line 121.
 1 SYSTEMPATH\HTTP\Cors.php(135): CodeIgniter\HTTP\Cors->checkWildcardAndCredentials('allowedOrigins', 'Access-Control-Allow-Origin')
 2 SYSTEMPATH\HTTP\Cors.php(211): CodeIgniter\HTTP\Cors->setAllowOrigin(Object(CodeIgniter\HTTP\IncomingRequest), Object(CodeIgniter\HTTP\Response))
 3 SYSTEMPATH\Filters\Cors.php(84): CodeIgniter\HTTP\Cors->addResponseHeaders(Object(CodeIgniter\HTTP\IncomingRequest), Object(CodeIgniter\HTTP\Response))
 4 SYSTEMPATH\Filters\Filters.php(241): CodeIgniter\Filters\Cors->before(Object(CodeIgniter\HTTP\IncomingRequest), null)
 5 SYSTEMPATH\Filters\Filters.php(221): CodeIgniter\Filters\Filters->runBefore([...])
 6 SYSTEMPATH\CodeIgniter.php(479): CodeIgniter\Filters\Filters->run('api/noticias', 'before')
 7 SYSTEMPATH\CodeIgniter.php(354): CodeIgniter\CodeIgniter->handleRequest(null, Object(Config\Cache), false)
 8 SYSTEMPATH\Boot.php(363): CodeIgniter\CodeIgniter->run()
 9 SYSTEMPATH\Boot.php(68): CodeIgniter\Boot::runCodeIgniter(Object(CodeIgniter\CodeIgniter))
10 FCPATH\index.php(59): CodeIgniter\Boot::bootWeb(Object(Config\Paths))
CRITICAL - 2026-02-11 19:23:11 --> CodeIgniter\Exceptions\ConfigException: When responding to a credentialed request, the server must not specify the "*" wildcard for the Access-Control-Allow-Origin response-header value.
[Method: GET, Route: api/noticias]
in SYSTEMPATH\HTTP\Cors.php on line 121.
 1 SYSTEMPATH\HTTP\Cors.php(135): CodeIgniter\HTTP\Cors->checkWildcardAndCredentials('allowedOrigins', 'Access-Control-Allow-Origin')
 2 SYSTEMPATH\HTTP\Cors.php(211): CodeIgniter\HTTP\Cors->setAllowOrigin(Object(CodeIgniter\HTTP\IncomingRequest), Object(CodeIgniter\HTTP\Response))
 3 SYSTEMPATH\Filters\Cors.php(84): CodeIgniter\HTTP\Cors->addResponseHeaders(Object(CodeIgniter\HTTP\IncomingRequest), Object(CodeIgniter\HTTP\Response))
 4 SYSTEMPATH\Filters\Filters.php(241): CodeIgniter\Filters\Cors->before(Object(CodeIgniter\HTTP\IncomingRequest), null)
 5 SYSTEMPATH\Filters\Filters.php(221): CodeIgniter\Filters\Filters->runBefore([...])
 6 SYSTEMPATH\CodeIgniter.php(479): CodeIgniter\Filters\Filters->run('api/noticias', 'before')
 7 SYSTEMPATH\CodeIgniter.php(354): CodeIgniter\CodeIgniter->handleRequest(null, Object(Config\Cache), false)
 8 SYSTEMPATH\Boot.php(363): CodeIgniter\CodeIgniter->run()
 9 SYSTEMPATH\Boot.php(68): CodeIgniter\Boot::runCodeIgniter(Object(CodeIgniter\CodeIgniter))
10 FCPATH\index.php(59): CodeIgniter\Boot::bootWeb(Object(Config\Paths))
CRITICAL - 2026-02-11 19:25:29 --> CodeIgniter\Exceptions\ConfigException: When responding to a credentialed request, the server must not specify the "*" wildcard for the Access-Control-Allow-Origin response-header value.
[Method: GET, Route: api/noticias]
in SYSTEMPATH\HTTP\Cors.php on line 121.
 1 SYSTEMPATH\HTTP\Cors.php(135): CodeIgniter\HTTP\Cors->checkWildcardAndCredentials('allowedOrigins', 'Access-Control-Allow-Origin')
 2 SYSTEMPATH\HTTP\Cors.php(211): CodeIgniter\HTTP\Cors->setAllowOrigin(Object(CodeIgniter\HTTP\IncomingRequest), Object(CodeIgniter\HTTP\Response))
 3 SYSTEMPATH\Filters\Cors.php(84): CodeIgniter\HTTP\Cors->addResponseHeaders(Object(CodeIgniter\HTTP\IncomingRequest), Object(CodeIgniter\HTTP\Response))
 4 SYSTEMPATH\Filters\Filters.php(241): CodeIgniter\Filters\Cors->before(Object(CodeIgniter\HTTP\IncomingRequest), null)
 5 SYSTEMPATH\Filters\Filters.php(221): CodeIgniter\Filters\Filters->runBefore([...])
 6 SYSTEMPATH\CodeIgniter.php(479): CodeIgniter\Filters\Filters->run('api/noticias', 'before')
 7 SYSTEMPATH\CodeIgniter.php(354): CodeIgniter\CodeIgniter->handleRequest(null, Object(Config\Cache), false)
 8 SYSTEMPATH\Boot.php(363): CodeIgniter\CodeIgniter->run()
 9 SYSTEMPATH\Boot.php(68): CodeIgniter\Boot::runCodeIgniter(Object(CodeIgniter\CodeIgniter))
10 FCPATH\index.php(59): CodeIgniter\Boot::bootWeb(Object(Config\Paths))
CRITICAL - 2026-02-11 19:27:42 --> CodeIgniter\Exceptions\ConfigException: When responding to a credentialed request, the server must not specify the "*" wildcard for the Access-Control-Allow-Origin response-header value.
[Method: GET, Route: api/noticias]
in SYSTEMPATH\HTTP\Cors.php on line 121.
 1 SYSTEMPATH\HTTP\Cors.php(135): CodeIgniter\HTTP\Cors->checkWildcardAndCredentials('allowedOrigins', 'Access-Control-Allow-Origin')
 2 SYSTEMPATH\HTTP\Cors.php(211): CodeIgniter\HTTP\Cors->setAllowOrigin(Object(CodeIgniter\HTTP\IncomingRequest), Object(CodeIgniter\HTTP\Response))
 3 SYSTEMPATH\Filters\Cors.php(84): CodeIgniter\HTTP\Cors->addResponseHeaders(Object(CodeIgniter\HTTP\IncomingRequest), Object(CodeIgniter\HTTP\Response))
 4 SYSTEMPATH\Filters\Filters.php(241): CodeIgniter\Filters\Cors->before(Object(CodeIgniter\HTTP\IncomingRequest), null)
 5 SYSTEMPATH\Filters\Filters.php(221): CodeIgniter\Filters\Filters->runBefore([...])
 6 SYSTEMPATH\CodeIgniter.php(479): CodeIgniter\Filters\Filters->run('api/noticias', 'before')
 7 SYSTEMPATH\CodeIgniter.php(354): CodeIgniter\CodeIgniter->handleRequest(null, Object(Config\Cache), false)
 8 SYSTEMPATH\Boot.php(363): CodeIgniter\CodeIgniter->run()
 9 SYSTEMPATH\Boot.php(68): CodeIgniter\Boot::runCodeIgniter(Object(CodeIgniter\CodeIgniter))
10 FCPATH\index.php(59): CodeIgniter\Boot::bootWeb(Object(Config\Paths))
