CRITICAL - 2026-02-15 09:53:40 --> Error: Class "Firebase\JWT\JWT" not found
[Method: GET, Route: api/admin/stats]
in APPPATH\Controllers\Admin.php on line 216.
 1 APPPATH\Controllers\Admin.php(204): App\Controllers\Admin->getUserFromToken()
 2 APPPATH\Controllers\Admin.php(19): App\Controllers\Admin->esAdmin()
 3 SYSTEMPATH\CodeIgniter.php(933): App\Controllers\Admin->dashboardStats()
 4 SYSTEMPATH\CodeIgniter.php(507): CodeIgniter\CodeIgniter->runController(Object(App\Controllers\Admin))
 5 SYSTEMPATH\CodeIgniter.php(354): CodeIgniter\CodeIgniter->handleRequest(null, Object(Config\Cache), false)
 6 SYSTEMPATH\Boot.php(363): CodeIgniter\CodeIgniter->run()
 7 SYSTEMPATH\Boot.php(68): CodeIgniter\Boot::runCodeIgniter(Object(CodeIgniter\CodeIgniter))
 8 FCPATH\index.php(68): CodeIgniter\Boot::bootWeb(Object(Config\Paths))
CRITICAL - 2026-02-15 09:53:54 --> Error: Class "Firebase\JWT\JWT" not found
[Method: GET, Route: api/admin/stats]
in APPPATH\Controllers\Admin.php on line 216.
 1 APPPATH\Controllers\Admin.php(204): App\Controllers\Admin->getUserFromToken()
 2 APPPATH\Controllers\Admin.php(19): App\Controllers\Admin->esAdmin()
 3 SYSTEMPATH\CodeIgniter.php(933): App\Controllers\Admin->dashboardStats()
 4 SYSTEMPATH\CodeIgniter.php(507): CodeIgniter\CodeIgniter->runController(Object(App\Controllers\Admin))
 5 SYSTEMPATH\CodeIgniter.php(354): CodeIgniter\CodeIgniter->handleRequest(null, Object(Config\Cache), false)
 6 SYSTEMPATH\Boot.php(363): CodeIgniter\CodeIgniter->run()
 7 SYSTEMPATH\Boot.php(68): CodeIgniter\Boot::runCodeIgniter(Object(CodeIgniter\CodeIgniter))
 8 FCPATH\index.php(68): CodeIgniter\Boot::bootWeb(Object(Config\Paths))
CRITICAL - 2026-02-15 10:32:36 --> ErrorException: Attempt to read property "role" on array
[Method: GET, Route: api/admin/stats]
in APPPATH\Controllers\Admin.php on line 109.
 1 APPPATH\Controllers\Admin.php(109): CodeIgniter\Debug\Exceptions->errorHandler(2, 'Attempt to read property "role" on array', 'C:\\xampp\\htdocs\\TFG_Pokeweb\\backend\\app\\Controllers\\Admin.php', 109)
 2 APPPATH\Controllers\Admin.php(20): App\Controllers\Admin->esAdmin()
 3 SYSTEMPATH\CodeIgniter.php(933): App\Controllers\Admin->dashboardStats()
 4 SYSTEMPATH\CodeIgniter.php(507): CodeIgniter\CodeIgniter->runController(Object(App\Controllers\Admin))
 5 SYSTEMPATH\CodeIgniter.php(354): CodeIgniter\CodeIgniter->handleRequest(null, Object(Config\Cache), false)
 6 SYSTEMPATH\Boot.php(363): CodeIgniter\CodeIgniter->run()
 7 SYSTEMPATH\Boot.php(68): CodeIgniter\Boot::runCodeIgniter(Object(CodeIgniter\CodeIgniter))
 8 FCPATH\index.php(68): CodeIgniter\Boot::bootWeb(Object(Config\Paths))
CRITICAL - 2026-02-15 10:32:39 --> ErrorException: Attempt to read property "role" on array
[Method: GET, Route: api/admin/users]
in APPPATH\Controllers\Admin.php on line 109.
 1 APPPATH\Controllers\Admin.php(109): CodeIgniter\Debug\Exceptions->errorHandler(2, 'Attempt to read property "role" on array', 'C:\\xampp\\htdocs\\TFG_Pokeweb\\backend\\app\\Controllers\\Admin.php', 109)
 2 APPPATH\Controllers\Admin.php(42): App\Controllers\Admin->esAdmin()
 3 SYSTEMPATH\CodeIgniter.php(933): App\Controllers\Admin->getUsers()
 4 SYSTEMPATH\CodeIgniter.php(507): CodeIgniter\CodeIgniter->runController(Object(App\Controllers\Admin))
 5 SYSTEMPATH\CodeIgniter.php(354): CodeIgniter\CodeIgniter->handleRequest(null, Object(Config\Cache), false)
 6 SYSTEMPATH\Boot.php(363): CodeIgniter\CodeIgniter->run()
 7 SYSTEMPATH\Boot.php(68): CodeIgniter\Boot::runCodeIgniter(Object(CodeIgniter\CodeIgniter))
 8 FCPATH\index.php(68): CodeIgniter\Boot::bootWeb(Object(Config\Paths))
CRITICAL - 2026-02-15 10:32:43 --> ErrorException: Attempt to read property "role" on array
[Method: GET, Route: api/admin/users]
in APPPATH\Controllers\Admin.php on line 109.
 1 APPPATH\Controllers\Admin.php(109): CodeIgniter\Debug\Exceptions->errorHandler(2, 'Attempt to read property "role" on array', 'C:\\xampp\\htdocs\\TFG_Pokeweb\\backend\\app\\Controllers\\Admin.php', 109)
 2 APPPATH\Controllers\Admin.php(42): App\Controllers\Admin->esAdmin()
 3 SYSTEMPATH\CodeIgniter.php(933): App\Controllers\Admin->getUsers()
 4 SYSTEMPATH\CodeIgniter.php(507): CodeIgniter\CodeIgniter->runController(Object(App\Controllers\Admin))
 5 SYSTEMPATH\CodeIgniter.php(354): CodeIgniter\CodeIgniter->handleRequest(null, Object(Config\Cache), false)
 6 SYSTEMPATH\Boot.php(363): CodeIgniter\CodeIgniter->run()
 7 SYSTEMPATH\Boot.php(68): CodeIgniter\Boot::runCodeIgniter(Object(CodeIgniter\CodeIgniter))
 8 FCPATH\index.php(68): CodeIgniter\Boot::bootWeb(Object(Config\Paths))
CRITICAL - 2026-02-15 10:32:50 --> ErrorException: Attempt to read property "role" on array
[Method: GET, Route: api/admin/teams]
in APPPATH\Controllers\Admin.php on line 109.
 1 APPPATH\Controllers\Admin.php(109): CodeIgniter\Debug\Exceptions->errorHandler(2, 'Attempt to read property "role" on array', 'C:\\xampp\\htdocs\\TFG_Pokeweb\\backend\\app\\Controllers\\Admin.php', 109)
 2 APPPATH\Controllers\Admin.php(84): App\Controllers\Admin->esAdmin()
 3 SYSTEMPATH\CodeIgniter.php(933): App\Controllers\Admin->getTeamsList()
 4 SYSTEMPATH\CodeIgniter.php(507): CodeIgniter\CodeIgniter->runController(Object(App\Controllers\Admin))
 5 SYSTEMPATH\CodeIgniter.php(354): CodeIgniter\CodeIgniter->handleRequest(null, Object(Config\Cache), false)
 6 SYSTEMPATH\Boot.php(363): CodeIgniter\CodeIgniter->run()
 7 SYSTEMPATH\Boot.php(68): CodeIgniter\Boot::runCodeIgniter(Object(CodeIgniter\CodeIgniter))
 8 FCPATH\index.php(68): CodeIgniter\Boot::bootWeb(Object(Config\Paths))
CRITICAL - 2026-02-15 10:33:20 --> ErrorException: Attempt to read property "role" on array
[Method: GET, Route: api/admin/stats]
in APPPATH\Controllers\Admin.php on line 109.
 1 APPPATH\Controllers\Admin.php(109): CodeIgniter\Debug\Exceptions->errorHandler(2, 'Attempt to read property "role" on array', 'C:\\xampp\\htdocs\\TFG_Pokeweb\\backend\\app\\Controllers\\Admin.php', 109)
 2 APPPATH\Controllers\Admin.php(20): App\Controllers\Admin->esAdmin()
 3 SYSTEMPATH\CodeIgniter.php(933): App\Controllers\Admin->dashboardStats()
 4 SYSTEMPATH\CodeIgniter.php(507): CodeIgniter\CodeIgniter->runController(Object(App\Controllers\Admin))
 5 SYSTEMPATH\CodeIgniter.php(354): CodeIgniter\CodeIgniter->handleRequest(null, Object(Config\Cache), false)
 6 SYSTEMPATH\Boot.php(363): CodeIgniter\CodeIgniter->run()
 7 SYSTEMPATH\Boot.php(68): CodeIgniter\Boot::runCodeIgniter(Object(CodeIgniter\CodeIgniter))
 8 FCPATH\index.php(68): CodeIgniter\Boot::bootWeb(Object(Config\Paths))
CRITICAL - 2026-02-15 10:34:19 --> ErrorException: Attempt to read property "role" on array
[Method: GET, Route: api/admin/users]
in APPPATH\Controllers\Admin.php on line 109.
 1 APPPATH\Controllers\Admin.php(109): CodeIgniter\Debug\Exceptions->errorHandler(2, 'Attempt to read property "role" on array', 'C:\\xampp\\htdocs\\TFG_Pokeweb\\backend\\app\\Controllers\\Admin.php', 109)
 2 APPPATH\Controllers\Admin.php(42): App\Controllers\Admin->esAdmin()
 3 SYSTEMPATH\CodeIgniter.php(933): App\Controllers\Admin->getUsers()
 4 SYSTEMPATH\CodeIgniter.php(507): CodeIgniter\CodeIgniter->runController(Object(App\Controllers\Admin))
 5 SYSTEMPATH\CodeIgniter.php(354): CodeIgniter\CodeIgniter->handleRequest(null, Object(Config\Cache), false)
 6 SYSTEMPATH\Boot.php(363): CodeIgniter\CodeIgniter->run()
 7 SYSTEMPATH\Boot.php(68): CodeIgniter\Boot::runCodeIgniter(Object(CodeIgniter\CodeIgniter))
 8 FCPATH\index.php(68): CodeIgniter\Boot::bootWeb(Object(Config\Paths))
CRITICAL - 2026-02-15 10:34:23 --> ErrorException: Attempt to read property "role" on array
[Method: GET, Route: api/admin/teams]
in APPPATH\Controllers\Admin.php on line 109.
 1 APPPATH\Controllers\Admin.php(109): CodeIgniter\Debug\Exceptions->errorHandler(2, 'Attempt to read property "role" on array', 'C:\\xampp\\htdocs\\TFG_Pokeweb\\backend\\app\\Controllers\\Admin.php', 109)
 2 APPPATH\Controllers\Admin.php(84): App\Controllers\Admin->esAdmin()
 3 SYSTEMPATH\CodeIgniter.php(933): App\Controllers\Admin->getTeamsList()
 4 SYSTEMPATH\CodeIgniter.php(507): CodeIgniter\CodeIgniter->runController(Object(App\Controllers\Admin))
 5 SYSTEMPATH\CodeIgniter.php(354): CodeIgniter\CodeIgniter->handleRequest(null, Object(Config\Cache), false)
 6 SYSTEMPATH\Boot.php(363): CodeIgniter\CodeIgniter->run()
 7 SYSTEMPATH\Boot.php(68): CodeIgniter\Boot::runCodeIgniter(Object(CodeIgniter\CodeIgniter))
 8 FCPATH\index.php(68): CodeIgniter\Boot::bootWeb(Object(Config\Paths))
CRITICAL - 2026-02-15 10:37:49 --> ErrorException: Attempt to read property "role" on array
[Method: GET, Route: api/admin/users]
in APPPATH\Controllers\Admin.php on line 109.
 1 APPPATH\Controllers\Admin.php(109): CodeIgniter\Debug\Exceptions->errorHandler(2, 'Attempt to read property "role" on array', 'C:\\xampp\\htdocs\\TFG_Pokeweb\\backend\\app\\Controllers\\Admin.php', 109)
 2 APPPATH\Controllers\Admin.php(42): App\Controllers\Admin->esAdmin()
 3 SYSTEMPATH\CodeIgniter.php(933): App\Controllers\Admin->getUsers()
 4 SYSTEMPATH\CodeIgniter.php(507): CodeIgniter\CodeIgniter->runController(Object(App\Controllers\Admin))
 5 SYSTEMPATH\CodeIgniter.php(354): CodeIgniter\CodeIgniter->handleRequest(null, Object(Config\Cache), false)
 6 SYSTEMPATH\Boot.php(363): CodeIgniter\CodeIgniter->run()
 7 SYSTEMPATH\Boot.php(68): CodeIgniter\Boot::runCodeIgniter(Object(CodeIgniter\CodeIgniter))
 8 FCPATH\index.php(68): CodeIgniter\Boot::bootWeb(Object(Config\Paths))
CRITICAL - 2026-02-15 10:37:51 --> ErrorException: Attempt to read property "role" on array
[Method: GET, Route: api/admin/teams]
in APPPATH\Controllers\Admin.php on line 109.
 1 APPPATH\Controllers\Admin.php(109): CodeIgniter\Debug\Exceptions->errorHandler(2, 'Attempt to read property "role" on array', 'C:\\xampp\\htdocs\\TFG_Pokeweb\\backend\\app\\Controllers\\Admin.php', 109)
 2 APPPATH\Controllers\Admin.php(84): App\Controllers\Admin->esAdmin()
 3 SYSTEMPATH\CodeIgniter.php(933): App\Controllers\Admin->getTeamsList()
 4 SYSTEMPATH\CodeIgniter.php(507): CodeIgniter\CodeIgniter->runController(Object(App\Controllers\Admin))
 5 SYSTEMPATH\CodeIgniter.php(354): CodeIgniter\CodeIgniter->handleRequest(null, Object(Config\Cache), false)
 6 SYSTEMPATH\Boot.php(363): CodeIgniter\CodeIgniter->run()
 7 SYSTEMPATH\Boot.php(68): CodeIgniter\Boot::runCodeIgniter(Object(CodeIgniter\CodeIgniter))
 8 FCPATH\index.php(68): CodeIgniter\Boot::bootWeb(Object(Config\Paths))
CRITICAL - 2026-02-15 10:38:00 --> ErrorException: Attempt to read property "role" on array
[Method: GET, Route: api/admin/stats]
in APPPATH\Controllers\Admin.php on line 109.
 1 APPPATH\Controllers\Admin.php(109): CodeIgniter\Debug\Exceptions->errorHandler(2, 'Attempt to read property "role" on array', 'C:\\xampp\\htdocs\\TFG_Pokeweb\\backend\\app\\Controllers\\Admin.php', 109)
 2 APPPATH\Controllers\Admin.php(20): App\Controllers\Admin->esAdmin()
 3 SYSTEMPATH\CodeIgniter.php(933): App\Controllers\Admin->dashboardStats()
 4 SYSTEMPATH\CodeIgniter.php(507): CodeIgniter\CodeIgniter->runController(Object(App\Controllers\Admin))
 5 SYSTEMPATH\CodeIgniter.php(354): CodeIgniter\CodeIgniter->handleRequest(null, Object(Config\Cache), false)
 6 SYSTEMPATH\Boot.php(363): CodeIgniter\CodeIgniter->run()
 7 SYSTEMPATH\Boot.php(68): CodeIgniter\Boot::runCodeIgniter(Object(CodeIgniter\CodeIgniter))
 8 FCPATH\index.php(68): CodeIgniter\Boot::bootWeb(Object(Config\Paths))
CRITICAL - 2026-02-15 10:38:02 --> ErrorException: Attempt to read property "role" on array
[Method: GET, Route: api/admin/teams]
in APPPATH\Controllers\Admin.php on line 109.
 1 APPPATH\Controllers\Admin.php(109): CodeIgniter\Debug\Exceptions->errorHandler(2, 'Attempt to read property "role" on array', 'C:\\xampp\\htdocs\\TFG_Pokeweb\\backend\\app\\Controllers\\Admin.php', 109)
 2 APPPATH\Controllers\Admin.php(84): App\Controllers\Admin->esAdmin()
 3 SYSTEMPATH\CodeIgniter.php(933): App\Controllers\Admin->getTeamsList()
 4 SYSTEMPATH\CodeIgniter.php(507): CodeIgniter\CodeIgniter->runController(Object(App\Controllers\Admin))
 5 SYSTEMPATH\CodeIgniter.php(354): CodeIgniter\CodeIgniter->handleRequest(null, Object(Config\Cache), false)
 6 SYSTEMPATH\Boot.php(363): CodeIgniter\CodeIgniter->run()
 7 SYSTEMPATH\Boot.php(68): CodeIgniter\Boot::runCodeIgniter(Object(CodeIgniter\CodeIgniter))
 8 FCPATH\index.php(68): CodeIgniter\Boot::bootWeb(Object(Config\Paths))
CRITICAL - 2026-02-15 10:40:17 --> ErrorException: Attempt to read property "role" on array
[Method: GET, Route: api/admin/stats]
in APPPATH\Controllers\Admin.php on line 109.
 1 APPPATH\Controllers\Admin.php(109): CodeIgniter\Debug\Exceptions->errorHandler(2, 'Attempt to read property "role" on array', 'C:\\xampp\\htdocs\\TFG_Pokeweb\\backend\\app\\Controllers\\Admin.php', 109)
 2 APPPATH\Controllers\Admin.php(20): App\Controllers\Admin->esAdmin()
 3 SYSTEMPATH\CodeIgniter.php(933): App\Controllers\Admin->dashboardStats()
 4 SYSTEMPATH\CodeIgniter.php(507): CodeIgniter\CodeIgniter->runController(Object(App\Controllers\Admin))
 5 SYSTEMPATH\CodeIgniter.php(354): CodeIgniter\CodeIgniter->handleRequest(null, Object(Config\Cache), false)
 6 SYSTEMPATH\Boot.php(363): CodeIgniter\CodeIgniter->run()
 7 SYSTEMPATH\Boot.php(68): CodeIgniter\Boot::runCodeIgniter(Object(CodeIgniter\CodeIgniter))
 8 FCPATH\index.php(68): CodeIgniter\Boot::bootWeb(Object(Config\Paths))
CRITICAL - 2026-02-15 10:44:54 --> ErrorException: Attempt to read property "role" on array
[Method: GET, Route: api/admin/stats]
in APPPATH\Controllers\Admin.php on line 107.
 1 APPPATH\Controllers\Admin.php(107): CodeIgniter\Debug\Exceptions->errorHandler(2, 'Attempt to read property "role" on array', 'C:\\xampp\\htdocs\\TFG_Pokeweb\\backend\\app\\Controllers\\Admin.php', 107)
 2 APPPATH\Controllers\Admin.php(21): App\Controllers\Admin->esAdmin()
 3 SYSTEMPATH\CodeIgniter.php(933): App\Controllers\Admin->dashboardStats()
 4 SYSTEMPATH\CodeIgniter.php(507): CodeIgniter\CodeIgniter->runController(Object(App\Controllers\Admin))
 5 SYSTEMPATH\CodeIgniter.php(354): CodeIgniter\CodeIgniter->handleRequest(null, Object(Config\Cache), false)
 6 SYSTEMPATH\Boot.php(363): CodeIgniter\CodeIgniter->run()
 7 SYSTEMPATH\Boot.php(68): CodeIgniter\Boot::runCodeIgniter(Object(CodeIgniter\CodeIgniter))
 8 FCPATH\index.php(68): CodeIgniter\Boot::bootWeb(Object(Config\Paths))
CRITICAL - 2026-02-15 10:45:01 --> ErrorException: Attempt to read property "role" on array
[Method: GET, Route: api/admin/users]
in APPPATH\Controllers\Admin.php on line 107.
 1 APPPATH\Controllers\Admin.php(107): CodeIgniter\Debug\Exceptions->errorHandler(2, 'Attempt to read property "role" on array', 'C:\\xampp\\htdocs\\TFG_Pokeweb\\backend\\app\\Controllers\\Admin.php', 107)
 2 APPPATH\Controllers\Admin.php(44): App\Controllers\Admin->esAdmin()
 3 SYSTEMPATH\CodeIgniter.php(933): App\Controllers\Admin->getUsers()
 4 SYSTEMPATH\CodeIgniter.php(507): CodeIgniter\CodeIgniter->runController(Object(App\Controllers\Admin))
 5 SYSTEMPATH\CodeIgniter.php(354): CodeIgniter\CodeIgniter->handleRequest(null, Object(Config\Cache), false)
 6 SYSTEMPATH\Boot.php(363): CodeIgniter\CodeIgniter->run()
 7 SYSTEMPATH\Boot.php(68): CodeIgniter\Boot::runCodeIgniter(Object(CodeIgniter\CodeIgniter))
 8 FCPATH\index.php(68): CodeIgniter\Boot::bootWeb(Object(Config\Paths))
CRITICAL - 2026-02-15 10:45:09 --> ErrorException: Attempt to read property "role" on array
[Method: GET, Route: api/admin/teams]
in APPPATH\Controllers\Admin.php on line 107.
 1 APPPATH\Controllers\Admin.php(107): CodeIgniter\Debug\Exceptions->errorHandler(2, 'Attempt to read property "role" on array', 'C:\\xampp\\htdocs\\TFG_Pokeweb\\backend\\app\\Controllers\\Admin.php', 107)
 2 APPPATH\Controllers\Admin.php(84): App\Controllers\Admin->esAdmin()
 3 SYSTEMPATH\CodeIgniter.php(933): App\Controllers\Admin->getTeamsList()
 4 SYSTEMPATH\CodeIgniter.php(507): CodeIgniter\CodeIgniter->runController(Object(App\Controllers\Admin))
 5 SYSTEMPATH\CodeIgniter.php(354): CodeIgniter\CodeIgniter->handleRequest(null, Object(Config\Cache), false)
 6 SYSTEMPATH\Boot.php(363): CodeIgniter\CodeIgniter->run()
 7 SYSTEMPATH\Boot.php(68): CodeIgniter\Boot::runCodeIgniter(Object(CodeIgniter\CodeIgniter))
 8 FCPATH\index.php(68): CodeIgniter\Boot::bootWeb(Object(Config\Paths))
CRITICAL - 2026-02-15 10:45:14 --> ErrorException: Attempt to read property "role" on array
[Method: GET, Route: api/admin/users]
in APPPATH\Controllers\Admin.php on line 107.
 1 APPPATH\Controllers\Admin.php(107): CodeIgniter\Debug\Exceptions->errorHandler(2, 'Attempt to read property "role" on array', 'C:\\xampp\\htdocs\\TFG_Pokeweb\\backend\\app\\Controllers\\Admin.php', 107)
 2 APPPATH\Controllers\Admin.php(44): App\Controllers\Admin->esAdmin()
 3 SYSTEMPATH\CodeIgniter.php(933): App\Controllers\Admin->getUsers()
 4 SYSTEMPATH\CodeIgniter.php(507): CodeIgniter\CodeIgniter->runController(Object(App\Controllers\Admin))
 5 SYSTEMPATH\CodeIgniter.php(354): CodeIgniter\CodeIgniter->handleRequest(null, Object(Config\Cache), false)
 6 SYSTEMPATH\Boot.php(363): CodeIgniter\CodeIgniter->run()
 7 SYSTEMPATH\Boot.php(68): CodeIgniter\Boot::runCodeIgniter(Object(CodeIgniter\CodeIgniter))
 8 FCPATH\index.php(68): CodeIgniter\Boot::bootWeb(Object(Config\Paths))
CRITICAL - 2026-02-15 10:45:19 --> ErrorException: Attempt to read property "role" on array
[Method: GET, Route: api/admin/stats]
in APPPATH\Controllers\Admin.php on line 107.
 1 APPPATH\Controllers\Admin.php(107): CodeIgniter\Debug\Exceptions->errorHandler(2, 'Attempt to read property "role" on array', 'C:\\xampp\\htdocs\\TFG_Pokeweb\\backend\\app\\Controllers\\Admin.php', 107)
 2 APPPATH\Controllers\Admin.php(21): App\Controllers\Admin->esAdmin()
 3 SYSTEMPATH\CodeIgniter.php(933): App\Controllers\Admin->dashboardStats()
 4 SYSTEMPATH\CodeIgniter.php(507): CodeIgniter\CodeIgniter->runController(Object(App\Controllers\Admin))
 5 SYSTEMPATH\CodeIgniter.php(354): CodeIgniter\CodeIgniter->handleRequest(null, Object(Config\Cache), false)
 6 SYSTEMPATH\Boot.php(363): CodeIgniter\CodeIgniter->run()
 7 SYSTEMPATH\Boot.php(68): CodeIgniter\Boot::runCodeIgniter(Object(CodeIgniter\CodeIgniter))
 8 FCPATH\index.php(68): CodeIgniter\Boot::bootWeb(Object(Config\Paths))
CRITICAL - 2026-02-15 10:50:36 --> ErrorException: Attempt to read property "role" on array
[Method: GET, Route: api/admin/stats]
in APPPATH\Controllers\Admin.php on line 107.
 1 APPPATH\Controllers\Admin.php(107): CodeIgniter\Debug\Exceptions->errorHandler(2, 'Attempt to read property "role" on array', 'C:\\xampp\\htdocs\\TFG_Pokeweb\\backend\\app\\Controllers\\Admin.php', 107)
 2 APPPATH\Controllers\Admin.php(21): App\Controllers\Admin->esAdmin()
 3 SYSTEMPATH\CodeIgniter.php(933): App\Controllers\Admin->dashboardStats()
 4 SYSTEMPATH\CodeIgniter.php(507): CodeIgniter\CodeIgniter->runController(Object(App\Controllers\Admin))
 5 SYSTEMPATH\CodeIgniter.php(354): CodeIgniter\CodeIgniter->handleRequest(null, Object(Config\Cache), false)
 6 SYSTEMPATH\Boot.php(363): CodeIgniter\CodeIgniter->run()
 7 SYSTEMPATH\Boot.php(68): CodeIgniter\Boot::runCodeIgniter(Object(CodeIgniter\CodeIgniter))
 8 FCPATH\index.php(68): CodeIgniter\Boot::bootWeb(Object(Config\Paths))
CRITICAL - 2026-02-15 10:50:39 --> ErrorException: Attempt to read property "role" on array
[Method: GET, Route: api/admin/users]
in APPPATH\Controllers\Admin.php on line 107.
 1 APPPATH\Controllers\Admin.php(107): CodeIgniter\Debug\Exceptions->errorHandler(2, 'Attempt to read property "role" on array', 'C:\\xampp\\htdocs\\TFG_Pokeweb\\backend\\app\\Controllers\\Admin.php', 107)
 2 APPPATH\Controllers\Admin.php(44): App\Controllers\Admin->esAdmin()
 3 SYSTEMPATH\CodeIgniter.php(933): App\Controllers\Admin->getUsers()
 4 SYSTEMPATH\CodeIgniter.php(507): CodeIgniter\CodeIgniter->runController(Object(App\Controllers\Admin))
 5 SYSTEMPATH\CodeIgniter.php(354): CodeIgniter\CodeIgniter->handleRequest(null, Object(Config\Cache), false)
 6 SYSTEMPATH\Boot.php(363): CodeIgniter\CodeIgniter->run()
 7 SYSTEMPATH\Boot.php(68): CodeIgniter\Boot::runCodeIgniter(Object(CodeIgniter\CodeIgniter))
 8 FCPATH\index.php(68): CodeIgniter\Boot::bootWeb(Object(Config\Paths))
CRITICAL - 2026-02-15 10:50:45 --> ErrorException: Attempt to read property "role" on array
[Method: GET, Route: api/admin/stats]
in APPPATH\Controllers\Admin.php on line 107.
 1 APPPATH\Controllers\Admin.php(107): CodeIgniter\Debug\Exceptions->errorHandler(2, 'Attempt to read property "role" on array', 'C:\\xampp\\htdocs\\TFG_Pokeweb\\backend\\app\\Controllers\\Admin.php', 107)
 2 APPPATH\Controllers\Admin.php(21): App\Controllers\Admin->esAdmin()
 3 SYSTEMPATH\CodeIgniter.php(933): App\Controllers\Admin->dashboardStats()
 4 SYSTEMPATH\CodeIgniter.php(507): CodeIgniter\CodeIgniter->runController(Object(App\Controllers\Admin))
 5 SYSTEMPATH\CodeIgniter.php(354): CodeIgniter\CodeIgniter->handleRequest(null, Object(Config\Cache), false)
 6 SYSTEMPATH\Boot.php(363): CodeIgniter\CodeIgniter->run()
 7 SYSTEMPATH\Boot.php(68): CodeIgniter\Boot::runCodeIgniter(Object(CodeIgniter\CodeIgniter))
 8 FCPATH\index.php(68): CodeIgniter\Boot::bootWeb(Object(Config\Paths))
CRITICAL - 2026-02-15 10:51:25 --> ErrorException: Attempt to read property "role" on array
[Method: GET, Route: api/admin/stats]
in APPPATH\Controllers\Admin.php on line 107.
 1 APPPATH\Controllers\Admin.php(107): CodeIgniter\Debug\Exceptions->errorHandler(2, 'Attempt to read property "role" on array', 'C:\\xampp\\htdocs\\TFG_Pokeweb\\backend\\app\\Controllers\\Admin.php', 107)
 2 APPPATH\Controllers\Admin.php(21): App\Controllers\Admin->esAdmin()
 3 SYSTEMPATH\CodeIgniter.php(933): App\Controllers\Admin->dashboardStats()
 4 SYSTEMPATH\CodeIgniter.php(507): CodeIgniter\CodeIgniter->runController(Object(App\Controllers\Admin))
 5 SYSTEMPATH\CodeIgniter.php(354): CodeIgniter\CodeIgniter->handleRequest(null, Object(Config\Cache), false)
 6 SYSTEMPATH\Boot.php(363): CodeIgniter\CodeIgniter->run()
 7 SYSTEMPATH\Boot.php(68): CodeIgniter\Boot::runCodeIgniter(Object(CodeIgniter\CodeIgniter))
 8 FCPATH\index.php(68): CodeIgniter\Boot::bootWeb(Object(Config\Paths))
CRITICAL - 2026-02-15 10:59:24 --> ErrorException: Attempt to read property "role" on array
[Method: GET, Route: api/admin/stats]
in APPPATH\Controllers\Admin.php on line 107.
 1 APPPATH\Controllers\Admin.php(107): CodeIgniter\Debug\Exceptions->errorHandler(2, 'Attempt to read property "role" on array', 'C:\\xampp\\htdocs\\TFG_Pokeweb\\backend\\app\\Controllers\\Admin.php', 107)
 2 APPPATH\Controllers\Admin.php(21): App\Controllers\Admin->esAdmin()
 3 SYSTEMPATH\CodeIgniter.php(933): App\Controllers\Admin->dashboardStats()
 4 SYSTEMPATH\CodeIgniter.php(507): CodeIgniter\CodeIgniter->runController(Object(App\Controllers\Admin))
 5 SYSTEMPATH\CodeIgniter.php(354): CodeIgniter\CodeIgniter->handleRequest(null, Object(Config\Cache), false)
 6 SYSTEMPATH\Boot.php(363): CodeIgniter\CodeIgniter->run()
 7 SYSTEMPATH\Boot.php(68): CodeIgniter\Boot::runCodeIgniter(Object(CodeIgniter\CodeIgniter))
 8 FCPATH\index.php(68): CodeIgniter\Boot::bootWeb(Object(Config\Paths))
CRITICAL - 2026-02-15 10:59:38 --> ErrorException: Attempt to read property "role" on array
[Method: GET, Route: api/admin/stats]
in APPPATH\Controllers\Admin.php on line 107.
 1 APPPATH\Controllers\Admin.php(107): CodeIgniter\Debug\Exceptions->errorHandler(2, 'Attempt to read property "role" on array', 'C:\\xampp\\htdocs\\TFG_Pokeweb\\backend\\app\\Controllers\\Admin.php', 107)
 2 APPPATH\Controllers\Admin.php(21): App\Controllers\Admin->esAdmin()
 3 SYSTEMPATH\CodeIgniter.php(933): App\Controllers\Admin->dashboardStats()
 4 SYSTEMPATH\CodeIgniter.php(507): CodeIgniter\CodeIgniter->runController(Object(App\Controllers\Admin))
 5 SYSTEMPATH\CodeIgniter.php(354): CodeIgniter\CodeIgniter->handleRequest(null, Object(Config\Cache), false)
 6 SYSTEMPATH\Boot.php(363): CodeIgniter\CodeIgniter->run()
 7 SYSTEMPATH\Boot.php(68): CodeIgniter\Boot::runCodeIgniter(Object(CodeIgniter\CodeIgniter))
 8 FCPATH\index.php(68): CodeIgniter\Boot::bootWeb(Object(Config\Paths))
CRITICAL - 2026-02-15 11:05:19 --> ErrorException: Attempt to read property "role" on array
[Method: GET, Route: api/admin/stats]
in APPPATH\Controllers\Admin.php on line 107.
 1 APPPATH\Controllers\Admin.php(107): CodeIgniter\Debug\Exceptions->errorHandler(2, 'Attempt to read property "role" on array', 'C:\\xampp\\htdocs\\TFG_Pokeweb\\backend\\app\\Controllers\\Admin.php', 107)
 2 APPPATH\Controllers\Admin.php(21): App\Controllers\Admin->esAdmin()
 3 SYSTEMPATH\CodeIgniter.php(933): App\Controllers\Admin->dashboardStats()
 4 SYSTEMPATH\CodeIgniter.php(507): CodeIgniter\CodeIgniter->runController(Object(App\Controllers\Admin))
 5 SYSTEMPATH\CodeIgniter.php(354): CodeIgniter\CodeIgniter->handleRequest(null, Object(Config\Cache), false)
 6 SYSTEMPATH\Boot.php(363): CodeIgniter\CodeIgniter->run()
 7 SYSTEMPATH\Boot.php(68): CodeIgniter\Boot::runCodeIgniter(Object(CodeIgniter\CodeIgniter))
 8 FCPATH\index.php(68): CodeIgniter\Boot::bootWeb(Object(Config\Paths))
CRITICAL - 2026-02-15 11:05:27 --> ErrorException: Attempt to read property "role" on array
[Method: GET, Route: api/admin/stats]
in APPPATH\Controllers\Admin.php on line 107.
 1 APPPATH\Controllers\Admin.php(107): CodeIgniter\Debug\Exceptions->errorHandler(2, 'Attempt to read property "role" on array', 'C:\\xampp\\htdocs\\TFG_Pokeweb\\backend\\app\\Controllers\\Admin.php', 107)
 2 APPPATH\Controllers\Admin.php(21): App\Controllers\Admin->esAdmin()
 3 SYSTEMPATH\CodeIgniter.php(933): App\Controllers\Admin->dashboardStats()
 4 SYSTEMPATH\CodeIgniter.php(507): CodeIgniter\CodeIgniter->runController(Object(App\Controllers\Admin))
 5 SYSTEMPATH\CodeIgniter.php(354): CodeIgniter\CodeIgniter->handleRequest(null, Object(Config\Cache), false)
 6 SYSTEMPATH\Boot.php(363): CodeIgniter\CodeIgniter->run()
 7 SYSTEMPATH\Boot.php(68): CodeIgniter\Boot::runCodeIgniter(Object(CodeIgniter\CodeIgniter))
 8 FCPATH\index.php(68): CodeIgniter\Boot::bootWeb(Object(Config\Paths))
CRITICAL - 2026-02-15 11:11:08 --> ErrorException: Attempt to read property "role" on array
[Method: GET, Route: api/admin/stats]
in APPPATH\Controllers\Admin.php on line 107.
 1 APPPATH\Controllers\Admin.php(107): CodeIgniter\Debug\Exceptions->errorHandler(2, 'Attempt to read property "role" on array', 'C:\\xampp\\htdocs\\TFG_Pokeweb\\backend\\app\\Controllers\\Admin.php', 107)
 2 APPPATH\Controllers\Admin.php(21): App\Controllers\Admin->esAdmin()
 3 SYSTEMPATH\CodeIgniter.php(933): App\Controllers\Admin->dashboardStats()
 4 SYSTEMPATH\CodeIgniter.php(507): CodeIgniter\CodeIgniter->runController(Object(App\Controllers\Admin))
 5 SYSTEMPATH\CodeIgniter.php(354): CodeIgniter\CodeIgniter->handleRequest(null, Object(Config\Cache), false)
 6 SYSTEMPATH\Boot.php(363): CodeIgniter\CodeIgniter->run()
 7 SYSTEMPATH\Boot.php(68): CodeIgniter\Boot::runCodeIgniter(Object(CodeIgniter\CodeIgniter))
 8 FCPATH\index.php(68): CodeIgniter\Boot::bootWeb(Object(Config\Paths))
CRITICAL - 2026-02-15 11:11:13 --> ErrorException: Attempt to read property "role" on array
[Method: GET, Route: api/admin/users]
in APPPATH\Controllers\Admin.php on line 107.
 1 APPPATH\Controllers\Admin.php(107): CodeIgniter\Debug\Exceptions->errorHandler(2, 'Attempt to read property "role" on array', 'C:\\xampp\\htdocs\\TFG_Pokeweb\\backend\\app\\Controllers\\Admin.php', 107)
 2 APPPATH\Controllers\Admin.php(44): App\Controllers\Admin->esAdmin()
 3 SYSTEMPATH\CodeIgniter.php(933): App\Controllers\Admin->getUsers()
 4 SYSTEMPATH\CodeIgniter.php(507): CodeIgniter\CodeIgniter->runController(Object(App\Controllers\Admin))
 5 SYSTEMPATH\CodeIgniter.php(354): CodeIgniter\CodeIgniter->handleRequest(null, Object(Config\Cache), false)
 6 SYSTEMPATH\Boot.php(363): CodeIgniter\CodeIgniter->run()
 7 SYSTEMPATH\Boot.php(68): CodeIgniter\Boot::runCodeIgniter(Object(CodeIgniter\CodeIgniter))
 8 FCPATH\index.php(68): CodeIgniter\Boot::bootWeb(Object(Config\Paths))
CRITICAL - 2026-02-15 11:11:19 --> ErrorException: Attempt to read property "role" on array
[Method: GET, Route: api/admin/teams]
in APPPATH\Controllers\Admin.php on line 107.
 1 APPPATH\Controllers\Admin.php(107): CodeIgniter\Debug\Exceptions->errorHandler(2, 'Attempt to read property "role" on array', 'C:\\xampp\\htdocs\\TFG_Pokeweb\\backend\\app\\Controllers\\Admin.php', 107)
 2 APPPATH\Controllers\Admin.php(84): App\Controllers\Admin->esAdmin()
 3 SYSTEMPATH\CodeIgniter.php(933): App\Controllers\Admin->getTeamsList()
 4 SYSTEMPATH\CodeIgniter.php(507): CodeIgniter\CodeIgniter->runController(Object(App\Controllers\Admin))
 5 SYSTEMPATH\CodeIgniter.php(354): CodeIgniter\CodeIgniter->handleRequest(null, Object(Config\Cache), false)
 6 SYSTEMPATH\Boot.php(363): CodeIgniter\CodeIgniter->run()
 7 SYSTEMPATH\Boot.php(68): CodeIgniter\Boot::runCodeIgniter(Object(CodeIgniter\CodeIgniter))
 8 FCPATH\index.php(68): CodeIgniter\Boot::bootWeb(Object(Config\Paths))
CRITICAL - 2026-02-15 11:13:15 --> ErrorException: Attempt to read property "role" on array
[Method: GET, Route: api/admin/stats]
in APPPATH\Controllers\Admin.php on line 107.
 1 APPPATH\Controllers\Admin.php(107): CodeIgniter\Debug\Exceptions->errorHandler(2, 'Attempt to read property "role" on array', 'C:\\xampp\\htdocs\\TFG_Pokeweb\\backend\\app\\Controllers\\Admin.php', 107)
 2 APPPATH\Controllers\Admin.php(21): App\Controllers\Admin->esAdmin()
 3 SYSTEMPATH\CodeIgniter.php(933): App\Controllers\Admin->dashboardStats()
 4 SYSTEMPATH\CodeIgniter.php(507): CodeIgniter\CodeIgniter->runController(Object(App\Controllers\Admin))
 5 SYSTEMPATH\CodeIgniter.php(354): CodeIgniter\CodeIgniter->handleRequest(null, Object(Config\Cache), false)
 6 SYSTEMPATH\Boot.php(363): CodeIgniter\CodeIgniter->run()
 7 SYSTEMPATH\Boot.php(68): CodeIgniter\Boot::runCodeIgniter(Object(CodeIgniter\CodeIgniter))
 8 FCPATH\index.php(68): CodeIgniter\Boot::bootWeb(Object(Config\Paths))
CRITICAL - 2026-02-15 11:17:30 --> ErrorException: Attempt to read property "role" on array
[Method: GET, Route: api/admin/stats]
in APPPATH\Controllers\Admin.php on line 107.
 1 APPPATH\Controllers\Admin.php(107): CodeIgniter\Debug\Exceptions->errorHandler(2, 'Attempt to read property "role" on array', 'C:\\xampp\\htdocs\\TFG_Pokeweb\\backend\\app\\Controllers\\Admin.php', 107)
 2 APPPATH\Controllers\Admin.php(21): App\Controllers\Admin->esAdmin()
 3 SYSTEMPATH\CodeIgniter.php(933): App\Controllers\Admin->dashboardStats()
 4 SYSTEMPATH\CodeIgniter.php(507): CodeIgniter\CodeIgniter->runController(Object(App\Controllers\Admin))
 5 SYSTEMPATH\CodeIgniter.php(354): CodeIgniter\CodeIgniter->handleRequest(null, Object(Config\Cache), false)
 6 SYSTEMPATH\Boot.php(363): CodeIgniter\CodeIgniter->run()
 7 SYSTEMPATH\Boot.php(68): CodeIgniter\Boot::runCodeIgniter(Object(CodeIgniter\CodeIgniter))
 8 FCPATH\index.php(68): CodeIgniter\Boot::bootWeb(Object(Config\Paths))
CRITICAL - 2026-02-15 12:29:25 --> ErrorException: Attempt to read property "role" on array
[Method: GET, Route: api/admin/stats]
in APPPATH\Controllers\Admin.php on line 107.
 1 APPPATH\Controllers\Admin.php(107): CodeIgniter\Debug\Exceptions->errorHandler(2, 'Attempt to read property "role" on array', 'C:\\xampp\\htdocs\\TFG_Pokeweb\\backend\\app\\Controllers\\Admin.php', 107)
 2 APPPATH\Controllers\Admin.php(21): App\Controllers\Admin->esAdmin()
 3 SYSTEMPATH\CodeIgniter.php(933): App\Controllers\Admin->dashboardStats()
 4 SYSTEMPATH\CodeIgniter.php(507): CodeIgniter\CodeIgniter->runController(Object(App\Controllers\Admin))
 5 SYSTEMPATH\CodeIgniter.php(354): CodeIgniter\CodeIgniter->handleRequest(null, Object(Config\Cache), false)
 6 SYSTEMPATH\Boot.php(363): CodeIgniter\CodeIgniter->run()
 7 SYSTEMPATH\Boot.php(68): CodeIgniter\Boot::runCodeIgniter(Object(CodeIgniter\CodeIgniter))
 8 FCPATH\index.php(68): CodeIgniter\Boot::bootWeb(Object(Config\Paths))
CRITICAL - 2026-02-15 12:30:06 --> ErrorException: Attempt to read property "role" on array
[Method: GET, Route: api/admin/users]
in APPPATH\Controllers\Admin.php on line 107.
 1 APPPATH\Controllers\Admin.php(107): CodeIgniter\Debug\Exceptions->errorHandler(2, 'Attempt to read property "role" on array', 'C:\\xampp\\htdocs\\TFG_Pokeweb\\backend\\app\\Controllers\\Admin.php', 107)
 2 APPPATH\Controllers\Admin.php(44): App\Controllers\Admin->esAdmin()
 3 SYSTEMPATH\CodeIgniter.php(933): App\Controllers\Admin->getUsers()
 4 SYSTEMPATH\CodeIgniter.php(507): CodeIgniter\CodeIgniter->runController(Object(App\Controllers\Admin))
 5 SYSTEMPATH\CodeIgniter.php(354): CodeIgniter\CodeIgniter->handleRequest(null, Object(Config\Cache), false)
 6 SYSTEMPATH\Boot.php(363): CodeIgniter\CodeIgniter->run()
 7 SYSTEMPATH\Boot.php(68): CodeIgniter\Boot::runCodeIgniter(Object(CodeIgniter\CodeIgniter))
 8 FCPATH\index.php(68): CodeIgniter\Boot::bootWeb(Object(Config\Paths))
